{"level":"info","message":"::1 - - [14/Feb/2022:09:55:10 +0000] \"PUT /employee/1?name=ariza&phoneNo=085721004043 HTTP/1.1\" - - \"-\" \"PostmanRuntime/7.29.0\"\n"}
{"level":"info","message":"::1 - - [14/Feb/2022:09:56:04 +0000] \"PUT /employee/1?name=ariza&phoneNo=085721004043&password=passwordya HTTP/1.1\" - - \"-\" \"PostmanRuntime/7.29.0\"\n"}
{"level":"info","message":"::1 - - [14/Feb/2022:10:18:08 +0000] \"PUT /employee/1?name=ariza&phoneNo=085721004043&password=passwordya HTTP/1.1\" - - \"-\" \"PostmanRuntime/7.29.0\"\n"}
{"level":"info","message":"::1 - - [14/Feb/2022:10:18:39 +0000] \"GET /employees HTTP/1.1\" 200 607 \"-\" \"PostmanRuntime/7.29.0\"\n"}
{"level":"info","message":"::1 - - [14/Feb/2022:10:20:00 +0000] \"PUT /employee/1?name=ariza&phoneNo=085721004043&password=passwordya HTTP/1.1\" - - \"-\" \"PostmanRuntime/7.29.0\"\n"}
{"level":"info","message":"::1 - - [14/Feb/2022:10:21:19 +0000] \"PUT /employee/1 HTTP/1.1\" 500 1088 \"-\" \"PostmanRuntime/7.29.0\"\n"}
{"level":"info","message":"::1 - - [14/Feb/2022:10:22:49 +0000] \"PUT /employee/1 HTTP/1.1\" 500 557 \"-\" \"PostmanRuntime/7.29.0\"\n"}
{"level":"info","message":"::1 - - [14/Feb/2022:10:29:58 +0000] \"GET /validate/4 HTTP/1.1\" 200 218 \"-\" \"PostmanRuntime/7.29.0\"\n"}
{"level":"info","message":"::1 - - [14/Feb/2022:10:30:04 +0000] \"GET /validate/4 HTTP/1.1\" 200 218 \"-\" \"PostmanRuntime/7.29.0\"\n"}
{"level":"info","message":"::1 - - [14/Feb/2022:10:30:13 +0000] \"GET /validate/3 HTTP/1.1\" 200 221 \"-\" \"PostmanRuntime/7.29.0\"\n"}
{"level":"info","message":"::1 - - [14/Feb/2022:10:30:21 +0000] \"GET /employees HTTP/1.1\" 200 610 \"-\" \"PostmanRuntime/7.29.0\"\n"}
{"level":"info","message":"::1 - - [14/Feb/2022:10:30:31 +0000] \"GET /validate/4 HTTP/1.1\" 200 218 \"-\" \"PostmanRuntime/7.29.0\"\n"}
{"level":"info","message":"::1 - - [14/Feb/2022:10:31:10 +0000] \"GET /validate/4 HTTP/1.1\" 200 218 \"-\" \"PostmanRuntime/7.29.0\"\n"}
{"level":"info","message":"::1 - - [14/Feb/2022:10:31:48 +0000] \"POST /register HTTP/1.1\" 200 61 \"-\" \"PostmanRuntime/7.29.0\"\n"}
{"level":"info","message":"::1 - - [14/Feb/2022:10:32:01 +0000] \"GET /employees HTTP/1.1\" 200 744 \"-\" \"PostmanRuntime/7.29.0\"\n"}
{"level":"info","message":"::1 - - [14/Feb/2022:10:32:55 +0000] \"GET /validate/5 HTTP/1.1\" 200 226 \"-\" \"PostmanRuntime/7.29.0\"\n"}
{"level":"info","message":"::1 - - [14/Feb/2022:11:00:54 +0000] \"GET /employees HTTP/1.1\" 200 744 \"-\" \"PostmanRuntime/7.29.0\"\n"}
{"level":"info","message":"::1 - - [14/Feb/2022:11:01:13 +0000] \"PUT /employee/1 HTTP/1.1\" 500 557 \"-\" \"PostmanRuntime/7.29.0\"\n"}
{"level":"info","message":"::1 - - [14/Feb/2022:12:24:56 +0000] \"POST /login?email=shweta@example.com&password=password5 HTTP/1.1\" 404 145 \"-\" \"PostmanRuntime/7.29.0\"\n"}
{"level":"info","message":"::1 - - [14/Feb/2022:12:25:38 +0000] \"POST /login HTTP/1.1\" 404 145 \"-\" \"PostmanRuntime/7.29.0\"\n"}
{"level":"info","message":"::1 - - [14/Feb/2022:12:30:36 +0000] \"POST /login HTTP/1.1\" 404 145 \"-\" \"PostmanRuntime/7.29.0\"\n"}
{"level":"info","message":"::1 - - [14/Feb/2022:12:31:25 +0000] \"POST /login HTTP/1.1\" 404 145 \"-\" \"PostmanRuntime/7.29.0\"\n"}
{"level":"info","message":"::1 - - [14/Feb/2022:12:31:38 +0000] \"POST /login HTTP/1.1\" 200 1930 \"-\" \"PostmanRuntime/7.29.0\"\n"}
{"level":"info","message":"::1 - - [14/Feb/2022:12:45:25 +0000] \"POST /login HTTP/1.1\" 200 1797 \"-\" \"PostmanRuntime/7.29.0\"\n"}
{"level":"info","message":"::1 - - [14/Feb/2022:12:46:17 +0000] \"POST /login HTTP/1.1\" - - \"-\" \"PostmanRuntime/7.29.0\"\n"}
{"level":"info","message":"::1 - - [14/Feb/2022:12:46:55 +0000] \"POST /login HTTP/1.1\" 200 1797 \"-\" \"PostmanRuntime/7.29.0\"\n"}
{"level":"info","message":"::1 - - [14/Feb/2022:12:47:08 +0000] \"POST /login HTTP/1.1\" 200 1797 \"-\" \"PostmanRuntime/7.29.0\"\n"}
{"level":"info","message":"::1 - - [14/Feb/2022:12:47:51 +0000] \"POST /login HTTP/1.1\" - - \"-\" \"PostmanRuntime/7.29.0\"\n"}
{"level":"info","message":"::1 - - [14/Feb/2022:12:56:25 +0000] \"POST /login HTTP/1.1\" 403 70 \"-\" \"PostmanRuntime/7.29.0\"\n"}
{"level":"info","message":"::1 - - [14/Feb/2022:12:56:31 +0000] \"POST /login HTTP/1.1\" 403 70 \"-\" \"PostmanRuntime/7.29.0\"\n"}
{"level":"info","message":"::1 - - [14/Feb/2022:12:57:11 +0000] \"GET /employees HTTP/1.1\" 200 744 \"-\" \"PostmanRuntime/7.29.0\"\n"}
{"level":"info","message":"::1 - - [14/Feb/2022:12:57:28 +0000] \"POST /login HTTP/1.1\" 403 70 \"-\" \"PostmanRuntime/7.29.0\"\n"}
{"level":"info","message":"::1 - - [14/Feb/2022:12:58:00 +0000] \"GET /employees HTTP/1.1\" 200 744 \"-\" \"PostmanRuntime/7.29.0\"\n"}
{"level":"info","message":"::1 - - [14/Feb/2022:12:58:27 +0000] \"POST /login HTTP/1.1\" - - \"-\" \"PostmanRuntime/7.29.0\"\n"}
{"level":"info","message":"::1 - - [14/Feb/2022:12:59:05 +0000] \"POST /login HTTP/1.1\" 403 70 \"-\" \"PostmanRuntime/7.29.0\"\n"}
{"level":"info","message":"::1 - - [14/Feb/2022:12:59:37 +0000] \"POST /login HTTP/1.1\" - - \"-\" \"PostmanRuntime/7.29.0\"\n"}
{"level":"info","message":"::1 - - [14/Feb/2022:13:01:03 +0000] \"POST /login HTTP/1.1\" - - \"-\" \"PostmanRuntime/7.29.0\"\n"}
{"level":"info","message":"::1 - - [14/Feb/2022:13:01:24 +0000] \"POST /login HTTP/1.1\" 403 70 \"-\" \"PostmanRuntime/7.29.0\"\n"}
{"level":"info","message":"::1 - - [14/Feb/2022:13:02:15 +0000] \"POST /login HTTP/1.1\" - - \"-\" \"PostmanRuntime/7.29.0\"\n"}
{"level":"info","message":"::1 - - [14/Feb/2022:13:02:21 +0000] \"POST /login HTTP/1.1\" - - \"-\" \"PostmanRuntime/7.29.0\"\n"}
{"level":"info","message":"::1 - - [14/Feb/2022:13:02:27 +0000] \"POST /login HTTP/1.1\" - - \"-\" \"PostmanRuntime/7.29.0\"\n"}
{"level":"info","message":"::1 - - [14/Feb/2022:13:05:59 +0000] \"POST /login HTTP/1.1\" 500 560 \"-\" \"PostmanRuntime/7.29.0\"\n"}
{"level":"info","message":"::1 - - [14/Feb/2022:13:06:07 +0000] \"POST /login HTTP/1.1\" 500 560 \"-\" \"PostmanRuntime/7.29.0\"\n"}
{"level":"info","message":"::1 - - [14/Feb/2022:13:08:12 +0000] \"POST /login HTTP/1.1\" 500 560 \"-\" \"PostmanRuntime/7.29.0\"\n"}
{"level":"info","message":"::1 - - [14/Feb/2022:13:08:29 +0000] \"POST /login HTTP/1.1\" 200 1783 \"-\" \"PostmanRuntime/7.29.0\"\n"}
{"level":"info","message":"::1 - - [14/Feb/2022:13:08:58 +0000] \"POST /login HTTP/1.1\" 200 1916 \"-\" \"PostmanRuntime/7.29.0\"\n"}
{"level":"info","message":"::1 - - [14/Feb/2022:13:09:06 +0000] \"POST /login HTTP/1.1\" 200 1908 \"-\" \"PostmanRuntime/7.29.0\"\n"}
{"level":"info","message":"::1 - - [14/Feb/2022:13:09:21 +0000] \"POST /login HTTP/1.1\" 200 1783 \"-\" \"PostmanRuntime/7.29.0\"\n"}
{"level":"info","message":"::1 - - [14/Feb/2022:13:09:42 +0000] \"POST /login HTTP/1.1\" 200 1920 \"-\" \"PostmanRuntime/7.29.0\"\n"}
{"level":"info","message":"::1 - - [14/Feb/2022:13:10:06 +0000] \"POST /login HTTP/1.1\" 200 1920 \"-\" \"PostmanRuntime/7.29.0\"\n"}
{"level":"info","message":"::1 - - [14/Feb/2022:13:11:55 +0000] \"POST /login HTTP/1.1\" 500 762 \"-\" \"PostmanRuntime/7.29.0\"\n"}
{"level":"info","message":"::1 - - [14/Feb/2022:13:12:47 +0000] \"POST /login HTTP/1.1\" 200 206 \"-\" \"PostmanRuntime/7.29.0\"\n"}
{"level":"info","message":"::1 - - [14/Feb/2022:13:13:04 +0000] \"POST /login HTTP/1.1\" 200 206 \"-\" \"PostmanRuntime/7.29.0\"\n"}
{"level":"info","message":"::1 - - [14/Feb/2022:13:13:38 +0000] \"POST /login HTTP/1.1\" 200 206 \"-\" \"PostmanRuntime/7.29.0\"\n"}
{"level":"info","message":"::1 - - [14/Feb/2022:13:13:44 +0000] \"POST /login HTTP/1.1\" 200 206 \"-\" \"PostmanRuntime/7.29.0\"\n"}
{"level":"info","message":"::1 - - [14/Feb/2022:13:21:46 +0000] \"POST /login HTTP/1.1\" 500 557 \"-\" \"PostmanRuntime/7.29.0\"\n"}
{"level":"info","message":"::1 - - [14/Feb/2022:13:21:58 +0000] \"POST /login HTTP/1.1\" 200 70 \"-\" \"PostmanRuntime/7.29.0\"\n"}
{"level":"info","message":"::1 - - [14/Feb/2022:13:22:40 +0000] \"POST /login HTTP/1.1\" 200 70 \"-\" \"PostmanRuntime/7.29.0\"\n"}
{"level":"info","message":"::1 - - [14/Feb/2022:13:27:49 +0000] \"POST /login HTTP/1.1\" 200 155 \"-\" \"PostmanRuntime/7.29.0\"\n"}
{"level":"info","message":"::1 - - [14/Feb/2022:13:28:42 +0000] \"POST /login HTTP/1.1\" 200 151 \"-\" \"PostmanRuntime/7.29.0\"\n"}
{"level":"info","message":"::1 - - [14/Feb/2022:13:28:49 +0000] \"POST /login HTTP/1.1\" 200 2 \"-\" \"PostmanRuntime/7.29.0\"\n"}
{"level":"info","message":"::1 - - [14/Feb/2022:13:30:21 +0000] \"POST /login HTTP/1.1\" 500 560 \"-\" \"PostmanRuntime/7.29.0\"\n"}
{"level":"info","message":"::1 - - [14/Feb/2022:13:32:04 +0000] \"POST /login HTTP/1.1\" 404 53 \"-\" \"PostmanRuntime/7.29.0\"\n"}
{"level":"info","message":"::1 - - [14/Feb/2022:13:32:18 +0000] \"POST /login HTTP/1.1\" 403 70 \"-\" \"PostmanRuntime/7.29.0\"\n"}
{"level":"info","message":"::1 - - [14/Feb/2022:13:32:21 +0000] \"POST /login HTTP/1.1\" 403 70 \"-\" \"PostmanRuntime/7.29.0\"\n"}
{"level":"info","message":"::1 - - [14/Feb/2022:13:32:47 +0000] \"POST /login HTTP/1.1\" 403 70 \"-\" \"PostmanRuntime/7.29.0\"\n"}
{"level":"info","message":"::1 - - [14/Feb/2022:13:33:31 +0000] \"POST /login HTTP/1.1\" 403 70 \"-\" \"PostmanRuntime/7.29.0\"\n"}
{"level":"info","message":"::1 - - [14/Feb/2022:13:38:23 +0000] \"POST /login HTTP/1.1\" 403 70 \"-\" \"PostmanRuntime/7.29.0\"\n"}
{"level":"info","message":"::1 - - [14/Feb/2022:13:39:49 +0000] \"POST /login HTTP/1.1\" 403 70 \"-\" \"PostmanRuntime/7.29.0\"\n"}
{"level":"info","message":"::1 - - [14/Feb/2022:13:40:21 +0000] \"POST /login HTTP/1.1\" 403 70 \"-\" \"PostmanRuntime/7.29.0\"\n"}
{"level":"info","message":"::1 - - [14/Feb/2022:13:40:34 +0000] \"POST /login HTTP/1.1\" 403 70 \"-\" \"PostmanRuntime/7.29.0\"\n"}
{"level":"info","message":"::1 - - [14/Feb/2022:13:40:39 +0000] \"POST /login HTTP/1.1\" 403 70 \"-\" \"PostmanRuntime/7.29.0\"\n"}
{"level":"info","message":"::1 - - [14/Feb/2022:13:40:45 +0000] \"POST /login HTTP/1.1\" 404 53 \"-\" \"PostmanRuntime/7.29.0\"\n"}
{"level":"info","message":"::1 - - [14/Feb/2022:13:41:30 +0000] \"POST /login HTTP/1.1\" 404 53 \"-\" \"PostmanRuntime/7.29.0\"\n"}
{"level":"info","message":"::1 - - [14/Feb/2022:13:41:34 +0000] \"POST /login HTTP/1.1\" 403 70 \"-\" \"PostmanRuntime/7.29.0\"\n"}
{"level":"info","message":"::1 - - [14/Feb/2022:13:41:37 +0000] \"POST /login HTTP/1.1\" 403 70 \"-\" \"PostmanRuntime/7.29.0\"\n"}
{"level":"info","message":"::1 - - [14/Feb/2022:13:42:04 +0000] \"POST /login HTTP/1.1\" 403 70 \"-\" \"PostmanRuntime/7.29.0\"\n"}
{"level":"info","message":"::1 - - [14/Feb/2022:14:03:53 +0000] \"POST /login HTTP/1.1\" 403 70 \"-\" \"PostmanRuntime/7.29.0\"\n"}
{"level":"info","message":"::1 - - [14/Feb/2022:14:06:43 +0000] \"POST /login HTTP/1.1\" 404 70 \"-\" \"PostmanRuntime/7.29.0\"\n"}
{"level":"info","message":"::1 - - [14/Feb/2022:14:06:58 +0000] \"POST /login HTTP/1.1\" 403 70 \"-\" \"PostmanRuntime/7.29.0\"\n"}
{"level":"info","message":"::1 - - [14/Feb/2022:14:07:01 +0000] \"POST /login HTTP/1.1\" 403 70 \"-\" \"PostmanRuntime/7.29.0\"\n"}
{"level":"info","message":"::1 - - [14/Feb/2022:14:07:11 +0000] \"POST /login HTTP/1.1\" 404 70 \"-\" \"PostmanRuntime/7.29.0\"\n"}
{"level":"info","message":"::1 - - [14/Feb/2022:14:07:16 +0000] \"POST /login HTTP/1.1\" 403 70 \"-\" \"PostmanRuntime/7.29.0\"\n"}
{"level":"info","message":"::1 - - [14/Feb/2022:14:09:00 +0000] \"POST /login HTTP/1.1\" 200 206 \"-\" \"PostmanRuntime/7.29.0\"\n"}
{"level":"info","message":"::1 - - [14/Feb/2022:14:09:08 +0000] \"POST /login HTTP/1.1\" 404 70 \"-\" \"PostmanRuntime/7.29.0\"\n"}
{"level":"info","message":"::1 - - [14/Feb/2022:14:09:15 +0000] \"POST /login HTTP/1.1\" 200 206 \"-\" \"PostmanRuntime/7.29.0\"\n"}
{"level":"info","message":"::1 - - [14/Feb/2022:14:10:40 +0000] \"POST /login HTTP/1.1\" 200 323 \"-\" \"PostmanRuntime/7.29.0\"\n"}
{"level":"info","message":"::1 - - [14/Feb/2022:14:34:05 +0000] \"POST /login HTTP/1.1\" 404 70 \"-\" \"PostmanRuntime/7.29.0\"\n"}
{"level":"info","message":"::1 - - [14/Feb/2022:14:34:16 +0000] \"POST /login HTTP/1.1\" 403 70 \"-\" \"PostmanRuntime/7.29.0\"\n"}
{"level":"info","message":"::1 - - [14/Feb/2022:14:34:20 +0000] \"POST /login HTTP/1.1\" 200 323 \"-\" \"PostmanRuntime/7.29.0\"\n"}
{"level":"info","message":"::1 - - [14/Feb/2022:14:38:12 +0000] \"POST /login HTTP/1.1\" 404 70 \"-\" \"PostmanRuntime/7.29.0\"\n"}
{"level":"info","message":"::1 - - [14/Feb/2022:14:38:18 +0000] \"POST /login HTTP/1.1\" 404 70 \"-\" \"PostmanRuntime/7.29.0\"\n"}
{"level":"info","message":"::1 - - [14/Feb/2022:14:38:34 +0000] \"POST /login HTTP/1.1\" 403 70 \"-\" \"PostmanRuntime/7.29.0\"\n"}
{"level":"info","message":"::1 - - [14/Feb/2022:14:38:38 +0000] \"POST /login HTTP/1.1\" 403 70 \"-\" \"PostmanRuntime/7.29.0\"\n"}
{"level":"info","message":"::1 - - [14/Feb/2022:14:38:42 +0000] \"POST /login HTTP/1.1\" 200 315 \"-\" \"PostmanRuntime/7.29.0\"\n"}
{"level":"info","message":"::1 - - [14/Feb/2022:14:39:28 +0000] \"POST /login HTTP/1.1\" 404 70 \"-\" \"PostmanRuntime/7.29.0\"\n"}
{"level":"info","message":"::1 - - [14/Feb/2022:14:39:30 +0000] \"POST /login HTTP/1.1\" 404 70 \"-\" \"PostmanRuntime/7.29.0\"\n"}
{"level":"info","message":"::1 - - [14/Feb/2022:14:39:38 +0000] \"POST /login HTTP/1.1\" 403 70 \"-\" \"PostmanRuntime/7.29.0\"\n"}
{"level":"info","message":"::1 - - [14/Feb/2022:14:39:40 +0000] \"POST /login HTTP/1.1\" 200 315 \"-\" \"PostmanRuntime/7.29.0\"\n"}
{"level":"info","message":"::1 - - [14/Feb/2022:14:41:30 +0000] \"POST /login HTTP/1.1\" 200 315 \"-\" \"PostmanRuntime/7.29.0\"\n"}
{"level":"info","message":"::1 - - [14/Feb/2022:14:46:35 +0000] \"GET /employee HTTP/1.1\" 404 147 \"-\" \"PostmanRuntime/7.29.0\"\n"}
{"level":"info","message":"::1 - - [14/Feb/2022:14:46:44 +0000] \"GET /employees HTTP/1.1\" 200 744 \"-\" \"PostmanRuntime/7.29.0\"\n"}
{"level":"info","message":"::1 - - [14/Feb/2022:14:48:17 +0000] \"POST /register HTTP/1.1\" 200 61 \"-\" \"PostmanRuntime/7.29.0\"\n"}
{"level":"info","message":"::1 - - [14/Feb/2022:14:48:54 +0000] \"POST /login HTTP/1.1\" 403 70 \"-\" \"PostmanRuntime/7.29.0\"\n"}
{"level":"info","message":"::1 - - [14/Feb/2022:14:49:00 +0000] \"POST /login HTTP/1.1\" 200 324 \"-\" \"PostmanRuntime/7.29.0\"\n"}
{
  message: '::1 - - [14/Feb/2022:15:15:02 +0000] "POST /register HTTP/1.1" 200 61 "-" "PostmanRuntime/7.29.0"\n',
  level: 'info'
}
{
  message: '::1 - - [14/Feb/2022:15:15:45 +0000] "POST /login HTTP/1.1" 200 356 "-" "PostmanRuntime/7.29.0"\n',
  level: 'info'
}
{
  message: '::1 - - [14/Feb/2022:15:36:54 +0000] "POST /register HTTP/1.1" 403 70 "-" "PostmanRuntime/7.29.0"\n',
  level: 'info'
}
{
  message: '::1 - - [14/Feb/2022:15:39:30 +0000] "POST /register HTTP/1.1" 500 82 "-" "PostmanRuntime/7.29.0"\n',
  level: 'info'
}
{
  message: '::1 - - [14/Feb/2022:15:40:09 +0000] "POST /register HTTP/1.1" 200 61 "-" "PostmanRuntime/7.29.0"\n',
  level: 'info'
}
