undefined info: these are the employees
undefined error: undefined
undefined error: undefined
undefined info: these are the employees
undefined info: these are the employees
undefined info: these are the employees
undefined error: undefined
undefined [31merror[39m: undefined
undefined [31merror[39m: Wrong password
undefined [31merror[39m: undefined
undefined [31merror[39m: Wrong password
undefined [31merror[39m: undefined
undefined [32minfo[39m: these are the employees
undefined [31merror[39m: Wrong password
undefined [31merror[39m: undefined
undefined [32minfo[39m: these are the employees
undefined [31merror[39m: undefined
undefined [31merror[39m: Wrong password
undefined [31merror[39m: undefined
undefined [31merror[39m: undefined
undefined [31merror[39m: undefined
undefined [31merror[39m: Wrong password
undefined [31merror[39m: undefined
undefined [31merror[39m: undefined
undefined [31merror[39m: undefined
undefined [31merror[39m: undefined
undefined [31merror[39m: undefined
undefined [31merror[39m: undefined
undefined [31merror[39m: undefined
undefined [31merror[39m: undefined
undefined [31merror[39m: undefined
undefined [31merror[39m: Wrong password
undefined [31merror[39m: undefined
undefined [31merror[39m: Wrong password
undefined [31merror[39m: undefined
undefined [31merror[39m: undefined
undefined [31merror[39m: Email not registered
undefined [31merror[39m: Wrong password
undefined [31merror[39m: Wrong password
undefined [31merror[39m: Wrong password
undefined [31merror[39m: Wrong password
undefined [31merror[39m: Wrong password
undefined [31merror[39m: Wrong password
undefined [31merror[39m: Wrong password
undefined [31merror[39m: Wrong password
undefined [31merror[39m: Wrong password
undefined [31merror[39m: Email not registered
undefined [31merror[39m: Email not registered
undefined [31merror[39m: Wrong password
undefined [31merror[39m: Wrong password
undefined [31merror[39m: Wrong password
undefined [31merror[39m: Wrong password
undefined [31merror[39m: Email not registered
undefined [31merror[39m: Wrong password
undefined [31merror[39m: Wrong password
undefined [31merror[39m: Email not registered
undefined [31merror[39m: Wrong password
undefined [31merror[39m: Email not registered
undefined [33mwarn[39m: Email not registered
undefined [32minfo[39m: Wrong password
undefined [33mwarn[39m: Email not registered
undefined [33mwarn[39m: Email not registered
undefined [32minfo[39m: Wrong password
undefined [32minfo[39m: Wrong password
undefined [33mwarn[39m: Email not registered
undefined [33mwarn[39m: Email not registered
undefined [32minfo[39m: Wrong password
undefined [32minfo[39m: these are the employees
undefined [32minfo[39m: Created User
undefined [32minfo[39m: Wrong password
undefined info: Created User
undefined error: undefined
undefined error: undefined
undefined info: Created User
undefined info: Created User
undefined info: these are the employees
undefined info: Created User
undefined warn: Email not registered
undefined info: these are the employees
undefined error: undefined
undefined error: undefined
undefined error: undefined
undefined info: these are the employees
undefined info: Created User
undefined error: undefined
undefined error: undefined
undefined error: undefined
undefined error: undefined
undefined info: Created User
undefined info: these are the employees
undefined error: undefined
undefined error: undefined
undefined error: undefined
undefined info: Created User
undefined info: Created User
undefined info: these are the employees
undefined error: undefined
undefined info: these are the employees
undefined error: undefined
undefined error: undefined
undefined error: undefined
undefined info: these are the employees
undefined info: Created User
undefined info: these are the employees
undefined info: these are the employees
undefined error: undefined
undefined error: undefined
undefined error: undefined
undefined error: undefined
undefined info: these are the employees
undefined info: these are the employees
undefined error: undefined
undefined error: undefined
undefined error: undefined
undefined error: undefined
undefined error: undefined
undefined info: these are the employees
undefined info: Created User
undefined info: these are the employees
undefined error: undefined
undefined error: undefined
undefined error: undefined
undefined info: these are the employees
undefined error: undefined
undefined error: undefined
undefined info: these are the employees
undefined error: undefined
